TN:
SF:/home/dracon/Dev/azumi/src/action.rs
FN:25,register_actions
FN:36,azumi_js_handler
FN:44,handle_action_result
FNF:3
FNDA:0,register_actions
FNDA:0,azumi_js_handler
FNDA:0,handle_action_result
DA:25,0
DA:27,0
DA:28,0
DA:32,0
DA:36,0
DA:38,0
DA:44,0
DA:45,0
LF:8
LH:0
end_of_record
TN:
SF:/home/dracon/Dev/azumi/src/context.rs
FN:10,with_path
FN:15,get_current_path
FN:59,PageMetaGuard::new
FN:67,<impl Drop for PageMetaGuard>::drop
FN:107,set_page_meta
FN:124,get_page_meta
FNF:6
FNDA:0,with_path
FNDA:0,get_current_path
FNDA:0,PageMetaGuard::new
FNDA:0,<impl Drop for PageMetaGuard>::drop
FNDA:0,set_page_meta
FNDA:0,get_page_meta
DA:10,0
DA:11,0
DA:15,0
DA:16,0
DA:31,0
DA:55,0
DA:59,0
DA:60,0
DA:61,0
DA:67,0
DA:68,0
DA:69,0
DA:70,0
DA:107,0
DA:112,0
DA:113,0
DA:114,0
DA:115,0
DA:116,0
DA:119,0
DA:124,0
DA:125,0
LF:22
LH:0
end_of_record
TN:
SF:/home/dracon/Dev/azumi/src/lib.rs
FN:89,LiveState::to_scope
FN:97,get_prediction
FN:106,<impl LiveStateMetadata for &T>::predictions
FN:109,<impl LiveStateMetadata for &T>::struct_name
FN:114,<impl LiveStateMetadata for &mutT>::predictions
FN:117,<impl LiveStateMetadata for &mutT>::struct_name
FN:150,<impl Component for FnComponent<F>>::render
FN:159,FnComponent<F>::new
FN:165,<impl Component for &T>::render
FN:171,<impl Component for Box<T>>::render
FN:177,<impl Component for std::rc::Rc<T>>::render
FN:183,<impl Component for std::sync::Arc<T>>::render
FN:189,<impl Component for String>::render
FN:195,<impl Component for str>::render
FN:200,from_fn
FN:207,render_to_string
FN:210,render_to_string::<impl Display for DisplayWrapper<'a,C>>::fmt
FN:220,<impl Display for Escaped<T>>::fmt
FN:237,escape_css_string
FN:264,RenderWrapper<T>::render_azumi
FN:275,<impl FallbackRender for RenderWrapper<T>>::render_azumi
FN:325,<impl Display for Raw<T>>::fmt
FN:331,<impl Component for Raw<T>>::render
FN:339,compute_scope_id
FN:350,scope_css
FN:356,scope_css_level
FN:423,is_grouping_rule
FN:430,is_keyframes
FN:434,extract_balanced_block
FN:456,split_selector_list
FN:484,scope_selector
FN:492,scope_selector::find_last_real_colon
FN:554,azumi_script
FN:561,<impl FallbackRender for HotReloadClosure<'a>>::render_azumi
FNF:34
FNDA:0,LiveState::to_scope
FNDA:0,get_prediction
FNDA:0,<impl LiveStateMetadata for &T>::predictions
FNDA:0,<impl LiveStateMetadata for &T>::struct_name
FNDA:0,<impl LiveStateMetadata for &mutT>::predictions
FNDA:0,<impl LiveStateMetadata for &mutT>::struct_name
FNDA:0,<impl Component for FnComponent<F>>::render
FNDA:0,FnComponent<F>::new
FNDA:0,<impl Component for &T>::render
FNDA:0,<impl Component for Box<T>>::render
FNDA:0,<impl Component for std::rc::Rc<T>>::render
FNDA:0,<impl Component for std::sync::Arc<T>>::render
FNDA:0,<impl Component for String>::render
FNDA:0,<impl Component for str>::render
FNDA:0,from_fn
FNDA:0,render_to_string
FNDA:0,render_to_string::<impl Display for DisplayWrapper<'a,C>>::fmt
FNDA:1,<impl Display for Escaped<T>>::fmt
FNDA:0,escape_css_string
FNDA:0,RenderWrapper<T>::render_azumi
FNDA:0,<impl FallbackRender for RenderWrapper<T>>::render_azumi
FNDA:0,<impl Display for Raw<T>>::fmt
FNDA:0,<impl Component for Raw<T>>::render
FNDA:1,compute_scope_id
FNDA:1,scope_css
FNDA:1,scope_css_level
FNDA:1,is_grouping_rule
FNDA:1,is_keyframes
FNDA:1,extract_balanced_block
FNDA:1,split_selector_list
FNDA:1,scope_selector
FNDA:1,scope_selector::find_last_real_colon
FNDA:0,azumi_script
FNDA:0,<impl FallbackRender for HotReloadClosure<'a>>::render_azumi
DA:70,0
DA:76,0
DA:86,0
DA:87,0
DA:89,0
DA:90,0
DA:92,0
DA:97,0
DA:98,0
DA:100,0
DA:101,0
DA:105,0
DA:106,0
DA:107,0
DA:109,0
DA:110,0
DA:113,0
DA:114,0
DA:115,0
DA:117,0
DA:118,0
DA:146,0
DA:150,0
DA:151,0
DA:155,0
DA:159,0
DA:160,0
DA:164,0
DA:165,0
DA:166,0
DA:170,0
DA:171,0
DA:172,0
DA:176,0
DA:177,0
DA:178,0
DA:182,0
DA:183,0
DA:184,0
DA:188,0
DA:189,0
DA:190,0
DA:194,0
DA:195,0
DA:196,0
DA:200,0
DA:204,0
DA:207,0
DA:209,0
DA:210,0
DA:211,0
DA:214,0
DA:219,0
DA:220,1
DA:221,0
DA:222,1
DA:223,0
DA:224,1
DA:225,0
DA:226,0
DA:227,0
DA:228,0
DA:231,1
DA:237,0
DA:238,1
DA:239,1
DA:240,0
DA:241,0
DA:242,0
DA:243,1
DA:245,0
DA:246,0
DA:247,0
DA:248,0
DA:249,0
DA:250,0
DA:253,0
DA:261,0
DA:264,0
DA:265,0
DA:269,0
DA:274,0
DA:275,0
DA:276,0
DA:324,0
DA:325,0
DA:326,1
DA:330,0
DA:331,0
DA:332,0
DA:339,1
DA:342,1
DA:343,2
DA:344,1
DA:345,1
DA:350,1
DA:351,1
DA:352,2
DA:353,1
DA:356,1
DA:361,1
DA:362,2
DA:364,2
DA:365,1
DA:366,0
DA:367,3
DA:369,2
DA:370,0
DA:371,0
DA:372,0
DA:373,0
DA:374,0
DA:375,3
DA:376,0
DA:377,0
DA:378,0
DA:379,0
DA:380,0
DA:382,2
DA:383,0
DA:385,2
DA:386,2
DA:388,3
DA:389,3
DA:394,2
DA:395,1
DA:396,1
DA:397,1
DA:398,1
DA:401,0
DA:402,0
DA:403,0
DA:404,0
DA:406,0
DA:409,0
DA:410,0
DA:411,0
DA:412,0
DA:414,0
DA:415,2
DA:419,2
DA:420,1
DA:423,1
DA:424,1
DA:425,1
DA:426,1
DA:427,1
DA:430,1
DA:431,1
DA:434,1
DA:435,1
DA:436,1
DA:437,2
DA:438,1
DA:439,0
DA:440,0
DA:441,0
DA:443,0
DA:444,2
DA:445,1
DA:446,1
DA:448,0
DA:450,2
DA:453,0
DA:456,1
DA:457,1
DA:458,1
DA:459,1
DA:460,1
DA:461,2
DA:462,1
DA:463,0
DA:464,0
DA:465,0
DA:466,0
DA:467,2
DA:468,1
DA:469,1
DA:470,2
DA:472,2
DA:474,0
DA:477,1
DA:478,1
DA:479,2
DA:481,1
DA:484,1
DA:485,1
DA:486,0
DA:488,2
DA:489,0
DA:492,1
DA:493,1
DA:494,1
DA:496,2
DA:497,1
DA:498,0
DA:499,0
DA:500,0
DA:501,0
DA:504,1
DA:507,1
DA:508,0
DA:509,0
DA:510,0
DA:511,0
DA:512,0
DA:513,0
DA:515,0
DA:517,1
DA:518,0
DA:519,0
DA:520,0
DA:522,1
DA:533,0
DA:554,0
DA:555,0
DA:560,0
DA:561,0
DA:562,0
LF:219
LH:82
end_of_record
TN:
SF:/home/dracon/Dev/azumi/src/script.rs
FN:6,<impl Component for AzumiScript>::render
FNF:1
FNDA:0,<impl Component for AzumiScript>::render
DA:6,0
DA:7,0
DA:10,0
LF:3
LH:0
end_of_record
TN:
SF:/home/dracon/Dev/azumi/src/security.rs
FN:15,get_secret
FN:76,get_current_timestamp
FN:85,sign_state
FN:111,verify_state
FNF:4
FNDA:1,get_secret
FNDA:1,get_current_timestamp
FNDA:1,sign_state
FNDA:1,verify_state
DA:15,1
DA:17,2
DA:19,2
DA:21,2
DA:24,2
DA:27,1
DA:40,2
DA:43,0
DA:44,0
DA:45,0
DA:46,0
DA:49,0
DA:50,0
DA:60,1
DA:70,1
DA:76,1
DA:77,1
DA:78,1
DA:79,3
DA:85,1
DA:86,1
DA:87,1
DA:88,1
DA:90,1
DA:93,1
DA:94,1
DA:95,1
DA:96,1
DA:98,2
DA:111,1
DA:113,1
DA:114,1
DA:120,1
DA:121,1
DA:122,0
DA:127,1
DA:128,1
DA:129,1
DA:131,1
DA:132,1
DA:133,0
DA:136,1
DA:137,2
DA:138,2
DA:141,1
DA:142,1
DA:143,0
DA:146,1
DA:149,1
DA:150,0
DA:154,1
DA:155,1
DA:161,2
DA:162,1
DA:165,1
DA:166,1
DA:167,1
DA:170,1
DA:171,1
DA:173,1
DA:174,1
DA:175,0
DA:178,2
DA:179,1
DA:180,2
LF:65
LH:54
end_of_record
TN:
SF:/home/dracon/Dev/azumi/src/seo.rs
FN:6,html_attr_escape
FN:23,xml_escape
FN:40,html_text_escape
FN:87,SeoConfig::new
FN:94,SeoConfig::with_description
FN:99,SeoConfig::with_image
FN:115,init_seo
FN:123,generate_head
FN:298,render_automatic_seo
FN:323,SitemapBuilder::new
FN:330,SitemapBuilder::add_url
FN:335,SitemapBuilder::build
FNF:12
FNDA:0,html_attr_escape
FNDA:0,xml_escape
FNDA:0,html_text_escape
FNDA:0,SeoConfig::new
FNDA:0,SeoConfig::with_description
FNDA:0,SeoConfig::with_image
FNDA:0,init_seo
FNDA:0,generate_head
FNDA:0,render_automatic_seo
FNDA:0,SitemapBuilder::new
FNDA:0,SitemapBuilder::add_url
FNDA:0,SitemapBuilder::build
DA:6,0
DA:7,0
DA:8,0
DA:9,0
DA:10,0
DA:11,0
DA:12,0
DA:13,0
DA:14,0
DA:15,0
DA:18,0
DA:23,0
DA:24,0
DA:25,0
DA:26,0
DA:27,0
DA:28,0
DA:29,0
DA:30,0
DA:31,0
DA:32,0
DA:35,0
DA:40,0
DA:41,0
DA:42,0
DA:43,0
DA:44,0
DA:45,0
DA:46,0
DA:47,0
DA:50,0
DA:87,0
DA:89,0
DA:94,0
DA:95,0
DA:96,0
DA:99,0
DA:100,0
DA:102,0
DA:103,0
DA:104,0
DA:106,0
DA:107,0
DA:108,0
DA:109,0
DA:115,0
DA:116,0
DA:117,0
DA:123,0
DA:130,0
DA:133,0
DA:137,0
DA:138,0
DA:140,0
DA:143,0
DA:144,0
DA:145,0
DA:146,0
DA:148,0
DA:149,0
DA:150,0
DA:151,0
DA:154,0
DA:155,0
DA:156,0
DA:157,0
DA:158,0
DA:160,0
DA:163,0
DA:166,0
DA:169,0
DA:173,0
DA:174,0
DA:178,0
DA:179,0
DA:181,0
DA:182,0
DA:183,0
DA:184,0
DA:185,0
DA:187,0
DA:189,0
DA:191,0
DA:192,0
DA:197,0
DA:200,0
DA:202,0
DA:203,0
DA:204,0
DA:205,0
DA:208,0
DA:209,0
DA:210,0
DA:212,0
DA:213,0
DA:218,0
DA:219,0
DA:221,0
DA:228,0
DA:229,0
DA:233,0
DA:234,0
DA:238,0
DA:239,0
DA:243,0
DA:244,0
DA:245,0
DA:253,0
DA:254,0
DA:259,0
DA:260,0
DA:261,0
DA:262,0
DA:267,0
DA:268,0
DA:269,0
DA:271,0
DA:272,0
DA:273,0
DA:279,0
DA:284,0
DA:285,0
DA:287,0
DA:288,0
DA:293,0
DA:298,0
DA:300,0
DA:323,0
DA:325,0
DA:326,0
DA:330,0
DA:331,0
DA:332,0
DA:335,0
DA:342,0
DA:346,0
DA:348,0
DA:349,0
DA:350,0
DA:351,0
DA:352,0
DA:354,0
DA:357,0
DA:360,0
DA:363,0
DA:364,0
DA:366,0
DA:367,0
DA:368,0
DA:369,0
DA:372,0
DA:373,0
DA:374,0
DA:376,0
DA:377,0
DA:379,0
DA:380,0
DA:386,0
DA:388,0
DA:391,0
DA:397,0
DA:400,0
DA:401,0
DA:402,0
DA:406,0
DA:408,0
DA:410,0
DA:413,0
DA:417,0
DA:418,0
DA:424,0
DA:427,0
DA:428,0
DA:435,0
DA:436,0
LF:175
LH:0
end_of_record
TN:
SF:/home/dracon/Dev/azumi/src/test/mod.rs
FNF:0
DA:32,0
DA:33,0
DA:34,0
DA:36,0
DA:38,0
DA:39,0
DA:45,0
DA:46,0
DA:47,0
DA:48,0
DA:50,0
DA:51,0
DA:65,0
DA:74,0
DA:79,0
DA:80,0
LF:16
LH:0
end_of_record
